[debug] [2018-04-08T20:18:55.873Z] ----------------------------------------------------------------------
[debug] [2018-04-08T20:18:55.877Z] Command:       /usr/local/bin/node /usr/local/bin/firebase deploy
[debug] [2018-04-08T20:18:55.878Z] CLI Version:   3.17.7
[debug] [2018-04-08T20:18:55.878Z] Platform:      linux
[debug] [2018-04-08T20:18:55.878Z] Node Version:  v9.8.0
[debug] [2018-04-08T20:18:55.878Z] Time:          Mon Apr 09 2018 01:48:55 GMT+0530 (IST)
[debug] [2018-04-08T20:18:55.878Z] ----------------------------------------------------------------------
[debug] 
[debug] [2018-04-08T20:18:55.936Z] > command requires scopes: ["email","openid","https://www.googleapis.com/auth/cloudplatformprojects.readonly","https://www.googleapis.com/auth/firebase","https://www.googleapis.com/auth/cloud-platform"]
[debug] [2018-04-08T20:18:55.937Z] > authorizing via signed-in user
[debug] [2018-04-08T20:18:55.940Z] > refreshing access token with scopes: ["email","https://www.googleapis.com/auth/cloud-platform","https://www.googleapis.com/auth/cloudplatformprojects.readonly","https://www.googleapis.com/auth/firebase","openid"]
[debug] [2018-04-08T20:18:55.941Z] >>> HTTP REQUEST POST https://www.googleapis.com/oauth2/v3/token  
 { refresh_token: '1/2Yr5k2llbWcHs_6n9xMDbAWkoenJKG4cjaVFKUi4FVI',
  client_id: '563584335869-fgrhgmd47bqnekij5i8b5pr03ho849e6.apps.googleusercontent.com',
  client_secret: 'j9iVZfS8kkCEFUPaAeJV0sAi',
  grant_type: 'refresh_token',
  scope: 'email https://www.googleapis.com/auth/cloud-platform https://www.googleapis.com/auth/cloudplatformprojects.readonly https://www.googleapis.com/auth/firebase openid' } 
 Mon Apr 09 2018 01:48:55 GMT+0530 (IST)
[debug] [2018-04-08T20:18:56.154Z] <<< HTTP RESPONSE 200
[debug] [2018-04-08T20:18:56.183Z] >>> HTTP REQUEST GET https://admin.firebase.com/v1/projects/websiteproject-sanketnaik99  
  
 Mon Apr 09 2018 01:48:56 GMT+0530 (IST)
[debug] [2018-04-08T20:18:58.007Z] <<< HTTP RESPONSE 200
[debug] [2018-04-08T20:18:58.008Z] >>> HTTP REQUEST GET https://admin.firebase.com/v1/database/websiteproject-sanketnaik99/tokens  
  
 Mon Apr 09 2018 01:48:58 GMT+0530 (IST)
[debug] [2018-04-08T20:18:59.064Z] <<< HTTP RESPONSE 200
[info] 
[info] === Deploying to 'websiteproject-sanketnaik99'...
[info] 
[info] i  deploying database, storage, hosting
[info] i  database: checking rules syntax...
[debug] [2018-04-08T20:19:00.423Z] >>> HTTP REQUEST PUT https://websiteproject-sanketnaik99.firebaseio.com/.settings/rules.json?dryRun=true  
 {
  "rules": {
    ".read": "auth != null",
    ".write": "auth != null"
  }
} 
 Mon Apr 09 2018 01:49:00 GMT+0530 (IST)
[debug] [2018-04-08T20:19:01.573Z] <<< HTTP RESPONSE 200
[info] ✔  database: rules syntax for database websiteproject-sanketnaik99 is valid
[debug] [2018-04-08T20:19:01.574Z] >>> HTTP REQUEST GET https://appengine.googleapis.com/v1/apps/websiteproject-sanketnaik99  
  
 Mon Apr 09 2018 01:49:01 GMT+0530 (IST)
[debug] [2018-04-08T20:19:03.444Z] <<< HTTP RESPONSE 200
[info] i  storage: checking storage.rules for compilation errors...
[debug] [2018-04-08T20:19:03.497Z] >>> HTTP REQUEST POST https://firebaserules.googleapis.com/v1/projects/websiteproject-sanketnaik99:test  
 { source: { files: [ [Object] ] } } 
 Mon Apr 09 2018 01:49:03 GMT+0530 (IST)
[debug] [2018-04-08T20:19:05.083Z] <<< HTTP RESPONSE 200
[info] ✔  storage: rules file storage.rules compiled successfully
[info] i  storage: uploading rules storage.rules...
[debug] [2018-04-08T20:19:05.088Z] >>> HTTP REQUEST POST https://firebaserules.googleapis.com/v1/projects/websiteproject-sanketnaik99/rulesets  
 { source: { files: [ [Object] ] } } 
 Mon Apr 09 2018 01:49:05 GMT+0530 (IST)
[debug] [2018-04-08T20:19:06.633Z] <<< HTTP RESPONSE 200
[debug] [2018-04-08T20:19:06.634Z] [rules] created ruleset projects/websiteproject-sanketnaik99/rulesets/a7973d51-9595-49e1-b4de-96eea1b17c81
[info] i  hosting: preparing dist directory for upload...
[debug] [2018-04-08T20:19:06.881Z] >>> HTTP REQUEST PUT https://deploy.firebase.com/v1/hosting/websiteproject-sanketnaik99/uploads/-L9auNOkSjPpAWBmXdSY?fileCount=36&message=  
  
 Mon Apr 09 2018 01:49:06 GMT+0530 (IST)
